2025-02-14T06:22:53.669+05:30  INFO [Address-Service,,] 14552 --- [Address-Service] [main] com.ashokit.Application                  : Starting Application using Java 17.0.7 with PID 14552 (G:\ASHOKIT_WORKSPACE\47_SPRINGBOOT_AND_MICROSERVICES\APP_Workspace\39_Microservices_Addresses\target\classes started by Ganesh in G:\ASHOKIT_WORKSPACE\47_SPRINGBOOT_AND_MICROSERVICES\APP_Workspace\39_Microservices_Addresses)
2025-02-14T06:22:53.698+05:30  INFO [Address-Service,,] 14552 --- [Address-Service] [main] com.ashokit.Application                  : No active profile set, falling back to 1 default profile: "default"
2025-02-14T06:22:54.747+05:30  INFO [Address-Service,,] 14552 --- [Address-Service] [main] .s.d.r.c.RepositoryConfigurationDelegate : Bootstrapping Spring Data JPA repositories in DEFAULT mode.
2025-02-14T06:22:54.906+05:30  INFO [Address-Service,,] 14552 --- [Address-Service] [main] .s.d.r.c.RepositoryConfigurationDelegate : Finished Spring Data repository scanning in 152 ms. Found 1 JPA repository interface.
2025-02-14T06:22:55.150+05:30  INFO [Address-Service,,] 14552 --- [Address-Service] [main] o.s.cloud.context.scope.GenericScope     : BeanFactory id=1b70adff-3f9f-3e50-a30a-e6e7f9afd91f
2025-02-14T06:22:55.516+05:30  INFO [Address-Service,,] 14552 --- [Address-Service] [main] o.s.b.w.embedded.tomcat.TomcatWebServer  : Tomcat initialized with port 9999 (http)
2025-02-14T06:22:55.530+05:30  INFO [Address-Service,,] 14552 --- [Address-Service] [main] o.apache.catalina.core.StandardService   : Starting service [Tomcat]
2025-02-14T06:22:55.530+05:30  INFO [Address-Service,,] 14552 --- [Address-Service] [main] o.apache.catalina.core.StandardEngine    : Starting Servlet engine: [Apache Tomcat/10.1.30]
2025-02-14T06:22:55.612+05:30  INFO [Address-Service,,] 14552 --- [Address-Service] [main] o.a.c.c.C.[Tomcat].[localhost].[/]       : Initializing Spring embedded WebApplicationContext
2025-02-14T06:22:55.613+05:30  INFO [Address-Service,,] 14552 --- [Address-Service] [main] w.s.c.ServletWebServerApplicationContext : Root WebApplicationContext: initialization completed in 1782 ms
2025-02-14T06:22:55.781+05:30  INFO [Address-Service,,] 14552 --- [Address-Service] [main] o.hibernate.jpa.internal.util.LogHelper  : HHH000204: Processing PersistenceUnitInfo [name: default]
2025-02-14T06:22:55.846+05:30  INFO [Address-Service,,] 14552 --- [Address-Service] [main] org.hibernate.Version                    : HHH000412: Hibernate ORM core version 6.5.3.Final
2025-02-14T06:22:55.894+05:30  INFO [Address-Service,,] 14552 --- [Address-Service] [main] o.h.c.internal.RegionFactoryInitiator    : HHH000026: Second-level cache disabled
2025-02-14T06:22:56.229+05:30  INFO [Address-Service,,] 14552 --- [Address-Service] [main] o.s.o.j.p.SpringPersistenceUnitInfo      : No LoadTimeWeaver setup: ignoring JPA class transformer
2025-02-14T06:22:56.263+05:30  INFO [Address-Service,,] 14552 --- [Address-Service] [main] com.zaxxer.hikari.HikariDataSource       : HikariPool-1 - Starting...
2025-02-14T06:22:56.936+05:30  INFO [Address-Service,,] 14552 --- [Address-Service] [main] com.zaxxer.hikari.pool.HikariPool        : HikariPool-1 - Added connection com.mysql.cj.jdbc.ConnectionImpl@1c8e2850
2025-02-14T06:22:56.987+05:30  INFO [Address-Service,,] 14552 --- [Address-Service] [main] com.zaxxer.hikari.HikariDataSource       : HikariPool-1 - Start completed.
2025-02-14T06:22:59.044+05:30  INFO [Address-Service,,] 14552 --- [Address-Service] [main] o.h.e.t.j.p.i.JtaPlatformInitiator       : HHH000489: No JTA platform available (set 'hibernate.transaction.jta.platform' to enable JTA platform integration)
2025-02-14T06:22:59.195+05:30  INFO [Address-Service,,] 14552 --- [Address-Service] [main] j.LocalContainerEntityManagerFactoryBean : Initialized JPA EntityManagerFactory for persistence unit 'default'
2025-02-14T06:22:59.930+05:30  WARN [Address-Service,,] 14552 --- [Address-Service] [main] JpaBaseConfiguration$JpaWebConfiguration : spring.jpa.open-in-view is enabled by default. Therefore, database queries may be performed during view rendering. Explicitly configure spring.jpa.open-in-view to disable this warning
2025-02-14T06:23:00.563+05:30  INFO [Address-Service,,] 14552 --- [Address-Service] [main] DiscoveryClientOptionalArgsConfiguration : Eureka HTTP Client uses RestTemplate.
2025-02-14T06:23:00.770+05:30  WARN [Address-Service,,] 14552 --- [Address-Service] [main] iguration$LoadBalancerCaffeineWarnLogger : Spring Cloud LoadBalancer is currently working with the default cache. While this cache implementation is useful for development and tests, it's recommended to use Caffeine cache in production.You can switch to using Caffeine cache, by adding it and org.springframework.cache.caffeine.CaffeineCacheManager to the classpath.
2025-02-14T06:23:00.831+05:30  INFO [Address-Service,,] 14552 --- [Address-Service] [main] o.s.c.n.eureka.InstanceInfoFactory       : Setting initial instance status as: STARTING
2025-02-14T06:23:00.890+05:30  INFO [Address-Service,,] 14552 --- [Address-Service] [main] com.netflix.discovery.DiscoveryClient    : Initializing Eureka in region us-east-1
2025-02-14T06:23:00.898+05:30  INFO [Address-Service,,] 14552 --- [Address-Service] [main] c.n.d.s.r.aws.ConfigClusterResolver      : Resolving eureka endpoints via configuration
2025-02-14T06:23:00.932+05:30  INFO [Address-Service,,] 14552 --- [Address-Service] [main] com.netflix.discovery.DiscoveryClient    : Disable delta property : false
2025-02-14T06:23:00.933+05:30  INFO [Address-Service,,] 14552 --- [Address-Service] [main] com.netflix.discovery.DiscoveryClient    : Single vip registry refresh property : null
2025-02-14T06:23:00.933+05:30  INFO [Address-Service,,] 14552 --- [Address-Service] [main] com.netflix.discovery.DiscoveryClient    : Force full registry fetch : false
2025-02-14T06:23:00.933+05:30  INFO [Address-Service,,] 14552 --- [Address-Service] [main] com.netflix.discovery.DiscoveryClient    : Application is null : false
2025-02-14T06:23:00.933+05:30  INFO [Address-Service,,] 14552 --- [Address-Service] [main] com.netflix.discovery.DiscoveryClient    : Registered Applications size is zero : true
2025-02-14T06:23:00.933+05:30  INFO [Address-Service,,] 14552 --- [Address-Service] [main] com.netflix.discovery.DiscoveryClient    : Application version is -1: true
2025-02-14T06:23:00.933+05:30  INFO [Address-Service,,] 14552 --- [Address-Service] [main] com.netflix.discovery.DiscoveryClient    : Getting all instance registry info from the eureka server
2025-02-14T06:23:01.435+05:30  INFO [Address-Service,,] 14552 --- [Address-Service] [main] com.netflix.discovery.DiscoveryClient    : The response status is 200
2025-02-14T06:23:01.439+05:30  INFO [Address-Service,,] 14552 --- [Address-Service] [main] com.netflix.discovery.DiscoveryClient    : Starting heartbeat executor: renew interval is: 30
2025-02-14T06:23:01.443+05:30  INFO [Address-Service,,] 14552 --- [Address-Service] [main] c.n.discovery.InstanceInfoReplicator     : InstanceInfoReplicator onDemand update allowed rate per min is 4
2025-02-14T06:23:01.454+05:30  INFO [Address-Service,,] 14552 --- [Address-Service] [main] com.netflix.discovery.DiscoveryClient    : Discovery Client initialized at timestamp 1739494381453 with initial instances count: 1
2025-02-14T06:23:01.459+05:30  INFO [Address-Service,,] 14552 --- [Address-Service] [main] o.s.c.n.e.s.EurekaServiceRegistry        : Registering application ADDRESS-SERVICE with eureka with status UP
2025-02-14T06:23:01.460+05:30  INFO [Address-Service,,] 14552 --- [Address-Service] [main] com.netflix.discovery.DiscoveryClient    : Saw local status change event StatusChangeEvent [timestamp=1739494381460, current=UP, previous=STARTING]
2025-02-14T06:23:01.462+05:30  INFO [Address-Service,,] 14552 --- [Address-Service] [DiscoveryClient-InstanceInfoReplicator-0] com.netflix.discovery.DiscoveryClient    : DiscoveryClient_ADDRESS-SERVICE/192.168.0.7:Address-Service:9999: registering service...
2025-02-14T06:23:01.494+05:30  INFO [Address-Service,,] 14552 --- [Address-Service] [main] o.s.b.w.embedded.tomcat.TomcatWebServer  : Tomcat started on port 9999 (http) with context path '/'
2025-02-14T06:23:01.495+05:30  INFO [Address-Service,,] 14552 --- [Address-Service] [main] .s.c.n.e.s.EurekaAutoServiceRegistration : Updating port to 9999
2025-02-14T06:23:01.526+05:30  INFO [Address-Service,,] 14552 --- [Address-Service] [DiscoveryClient-InstanceInfoReplicator-0] com.netflix.discovery.DiscoveryClient    : DiscoveryClient_ADDRESS-SERVICE/192.168.0.7:Address-Service:9999 - registration status: 204
2025-02-14T06:23:01.666+05:30  INFO [Address-Service,,] 14552 --- [Address-Service] [main] com.ashokit.Application                  : Started Application in 9.454 seconds (process running for 11.053)
2025-02-14T06:24:20.655+05:30  INFO [Address-Service,,] 14552 --- [Address-Service] [http-nio-9999-exec-1] o.a.c.c.C.[Tomcat].[localhost].[/]       : Initializing Spring DispatcherServlet 'dispatcherServlet'
2025-02-14T06:24:20.656+05:30  INFO [Address-Service,,] 14552 --- [Address-Service] [http-nio-9999-exec-1] o.s.web.servlet.DispatcherServlet        : Initializing Servlet 'dispatcherServlet'
2025-02-14T06:24:20.666+05:30  INFO [Address-Service,,] 14552 --- [Address-Service] [http-nio-9999-exec-1] o.s.web.servlet.DispatcherServlet        : Completed initialization in 9 ms
2025-02-14T06:28:00.950+05:30  INFO [Address-Service,,] 14552 --- [Address-Service] [AsyncResolver-bootstrap-executor-0] c.n.d.s.r.aws.ConfigClusterResolver      : Resolving eureka endpoints via configuration
2025-02-14T06:31:10.476+05:30  INFO [Address-Service,,] 14552 --- [Address-Service] [RMI TCP Connection(18)-127.0.0.1] inMXBeanRegistrar$SpringApplicationAdmin : Application shutdown requested.
2025-02-14T06:31:10.478+05:30  INFO [Address-Service,,] 14552 --- [Address-Service] [RMI TCP Connection(18)-127.0.0.1] o.s.c.n.e.s.EurekaServiceRegistry        : Unregistering application ADDRESS-SERVICE with eureka with status DOWN
2025-02-14T06:31:10.479+05:30  INFO [Address-Service,,] 14552 --- [Address-Service] [RMI TCP Connection(18)-127.0.0.1] com.netflix.discovery.DiscoveryClient    : Saw local status change event StatusChangeEvent [timestamp=1739494870479, current=DOWN, previous=UP]
2025-02-14T06:31:10.479+05:30  INFO [Address-Service,,] 14552 --- [Address-Service] [DiscoveryClient-InstanceInfoReplicator-0] com.netflix.discovery.DiscoveryClient    : DiscoveryClient_ADDRESS-SERVICE/192.168.0.7:Address-Service:9999: registering service...
2025-02-14T06:31:10.487+05:30  INFO [Address-Service,,] 14552 --- [Address-Service] [DiscoveryClient-InstanceInfoReplicator-0] com.netflix.discovery.DiscoveryClient    : DiscoveryClient_ADDRESS-SERVICE/192.168.0.7:Address-Service:9999 - registration status: 204
2025-02-14T06:31:10.773+05:30  INFO [Address-Service,,] 14552 --- [Address-Service] [RMI TCP Connection(18)-127.0.0.1] j.LocalContainerEntityManagerFactoryBean : Closing JPA EntityManagerFactory for persistence unit 'default'
2025-02-14T06:31:10.775+05:30  INFO [Address-Service,,] 14552 --- [Address-Service] [RMI TCP Connection(18)-127.0.0.1] com.zaxxer.hikari.HikariDataSource       : HikariPool-1 - Shutdown initiated...
2025-02-14T06:31:10.787+05:30  INFO [Address-Service,,] 14552 --- [Address-Service] [RMI TCP Connection(18)-127.0.0.1] com.zaxxer.hikari.HikariDataSource       : HikariPool-1 - Shutdown completed.
2025-02-14T06:31:10.788+05:30  INFO [Address-Service,,] 14552 --- [Address-Service] [RMI TCP Connection(18)-127.0.0.1] com.netflix.discovery.DiscoveryClient    : Shutting down DiscoveryClient ...
2025-02-14T06:31:13.794+05:30  INFO [Address-Service,,] 14552 --- [Address-Service] [RMI TCP Connection(18)-127.0.0.1] com.netflix.discovery.DiscoveryClient    : Unregistering ...
2025-02-14T06:31:13.806+05:30  INFO [Address-Service,,] 14552 --- [Address-Service] [RMI TCP Connection(18)-127.0.0.1] com.netflix.discovery.DiscoveryClient    : DiscoveryClient_ADDRESS-SERVICE/192.168.0.7:Address-Service:9999 - deregister  status: 200
2025-02-14T06:31:13.813+05:30  INFO [Address-Service,,] 14552 --- [Address-Service] [RMI TCP Connection(18)-127.0.0.1] com.netflix.discovery.DiscoveryClient    : Completed shut down of DiscoveryClient
2025-02-14T06:32:55.172+05:30  INFO [Address-Service,,] 5608 --- [Address-Service] [main] [                                                 ] com.ashokit.Application                  : Starting Application using Java 17.0.7 with PID 5608 (G:\ASHOKIT_WORKSPACE\47_SPRINGBOOT_AND_MICROSERVICES\APP_Workspace\39_Microservices_Addresses\target\classes started by Ganesh in G:\ASHOKIT_WORKSPACE\47_SPRINGBOOT_AND_MICROSERVICES\APP_Workspace\39_Microservices_Addresses)
2025-02-14T06:32:55.268+05:30  INFO [Address-Service,,] 5608 --- [Address-Service] [main] [                                                 ] com.ashokit.Application                  : No active profile set, falling back to 1 default profile: "default"
2025-02-14T06:32:56.702+05:30  INFO [Address-Service,,] 5608 --- [Address-Service] [main] [                                                 ] .s.d.r.c.RepositoryConfigurationDelegate : Bootstrapping Spring Data JPA repositories in DEFAULT mode.
2025-02-14T06:32:57.109+05:30  INFO [Address-Service,,] 5608 --- [Address-Service] [main] [                                                 ] .s.d.r.c.RepositoryConfigurationDelegate : Finished Spring Data repository scanning in 387 ms. Found 1 JPA repository interface.
2025-02-14T06:32:57.610+05:30  INFO [Address-Service,,] 5608 --- [Address-Service] [main] [                                                 ] o.s.cloud.context.scope.GenericScope     : BeanFactory id=8d80ca94-a5eb-3b35-b9fe-2e34e59dff5e
2025-02-14T06:32:58.728+05:30  INFO [Address-Service,,] 5608 --- [Address-Service] [main] [                                                 ] o.s.b.w.embedded.tomcat.TomcatWebServer  : Tomcat initialized with port 9999 (http)
2025-02-14T06:32:58.753+05:30  INFO [Address-Service,,] 5608 --- [Address-Service] [main] [                                                 ] o.apache.catalina.core.StandardService   : Starting service [Tomcat]
2025-02-14T06:32:58.754+05:30  INFO [Address-Service,,] 5608 --- [Address-Service] [main] [                                                 ] o.apache.catalina.core.StandardEngine    : Starting Servlet engine: [Apache Tomcat/10.1.30]
2025-02-14T06:32:58.917+05:30  INFO [Address-Service,,] 5608 --- [Address-Service] [main] [                                                 ] o.a.c.c.C.[Tomcat].[localhost].[/]       : Initializing Spring embedded WebApplicationContext
2025-02-14T06:32:58.918+05:30  INFO [Address-Service,,] 5608 --- [Address-Service] [main] [                                                 ] w.s.c.ServletWebServerApplicationContext : Root WebApplicationContext: initialization completed in 3592 ms
2025-02-14T06:32:59.857+05:30  INFO [Address-Service,,] 5608 --- [Address-Service] [main] [                                                 ] o.hibernate.jpa.internal.util.LogHelper  : HHH000204: Processing PersistenceUnitInfo [name: default]
2025-02-14T06:32:59.930+05:30  INFO [Address-Service,,] 5608 --- [Address-Service] [main] [                                                 ] org.hibernate.Version                    : HHH000412: Hibernate ORM core version 6.5.3.Final
2025-02-14T06:32:59.985+05:30  INFO [Address-Service,,] 5608 --- [Address-Service] [main] [                                                 ] o.h.c.internal.RegionFactoryInitiator    : HHH000026: Second-level cache disabled
2025-02-14T06:33:00.403+05:30  INFO [Address-Service,,] 5608 --- [Address-Service] [main] [                                                 ] o.s.o.j.p.SpringPersistenceUnitInfo      : No LoadTimeWeaver setup: ignoring JPA class transformer
2025-02-14T06:33:00.481+05:30  INFO [Address-Service,,] 5608 --- [Address-Service] [main] [                                                 ] com.zaxxer.hikari.HikariDataSource       : HikariPool-1 - Starting...
2025-02-14T06:33:00.804+05:30  INFO [Address-Service,,] 5608 --- [Address-Service] [main] [                                                 ] com.zaxxer.hikari.pool.HikariPool        : HikariPool-1 - Added connection com.mysql.cj.jdbc.ConnectionImpl@35e3f3b8
2025-02-14T06:33:00.807+05:30  INFO [Address-Service,,] 5608 --- [Address-Service] [main] [                                                 ] com.zaxxer.hikari.HikariDataSource       : HikariPool-1 - Start completed.
2025-02-14T06:33:01.929+05:30  INFO [Address-Service,,] 5608 --- [Address-Service] [main] [                                                 ] o.h.e.t.j.p.i.JtaPlatformInitiator       : HHH000489: No JTA platform available (set 'hibernate.transaction.jta.platform' to enable JTA platform integration)
2025-02-14T06:33:02.047+05:30  INFO [Address-Service,,] 5608 --- [Address-Service] [main] [                                                 ] j.LocalContainerEntityManagerFactoryBean : Initialized JPA EntityManagerFactory for persistence unit 'default'
2025-02-14T06:33:02.916+05:30  WARN [Address-Service,,] 5608 --- [Address-Service] [main] [                                                 ] JpaBaseConfiguration$JpaWebConfiguration : spring.jpa.open-in-view is enabled by default. Therefore, database queries may be performed during view rendering. Explicitly configure spring.jpa.open-in-view to disable this warning
2025-02-14T06:33:05.154+05:30  INFO [Address-Service,,] 5608 --- [Address-Service] [main] [                                                 ] DiscoveryClientOptionalArgsConfiguration : Eureka HTTP Client uses RestTemplate.
2025-02-14T06:33:05.200+05:30  WARN [Address-Service,,] 5608 --- [Address-Service] [main] [                                                 ] iguration$LoadBalancerCaffeineWarnLogger : Spring Cloud LoadBalancer is currently working with the default cache. While this cache implementation is useful for development and tests, it's recommended to use Caffeine cache in production.You can switch to using Caffeine cache, by adding it and org.springframework.cache.caffeine.CaffeineCacheManager to the classpath.
2025-02-14T06:33:05.210+05:30  INFO [Address-Service,,] 5608 --- [Address-Service] [main] [                                                 ] o.s.b.a.e.web.EndpointLinksResolver      : Exposing 1 endpoint beneath base path '/actuator'
2025-02-14T06:33:05.309+05:30  INFO [Address-Service,,] 5608 --- [Address-Service] [main] [                                                 ] o.s.c.n.eureka.InstanceInfoFactory       : Setting initial instance status as: STARTING
2025-02-14T06:33:05.356+05:30  INFO [Address-Service,,] 5608 --- [Address-Service] [main] [                                                 ] com.netflix.discovery.DiscoveryClient    : Initializing Eureka in region us-east-1
2025-02-14T06:33:05.361+05:30  INFO [Address-Service,,] 5608 --- [Address-Service] [main] [                                                 ] c.n.d.s.r.aws.ConfigClusterResolver      : Resolving eureka endpoints via configuration
2025-02-14T06:33:05.397+05:30  INFO [Address-Service,,] 5608 --- [Address-Service] [main] [                                                 ] com.netflix.discovery.DiscoveryClient    : Disable delta property : false
2025-02-14T06:33:05.397+05:30  INFO [Address-Service,,] 5608 --- [Address-Service] [main] [                                                 ] com.netflix.discovery.DiscoveryClient    : Single vip registry refresh property : null
2025-02-14T06:33:05.397+05:30  INFO [Address-Service,,] 5608 --- [Address-Service] [main] [                                                 ] com.netflix.discovery.DiscoveryClient    : Force full registry fetch : false
2025-02-14T06:33:05.397+05:30  INFO [Address-Service,,] 5608 --- [Address-Service] [main] [                                                 ] com.netflix.discovery.DiscoveryClient    : Application is null : false
2025-02-14T06:33:05.397+05:30  INFO [Address-Service,,] 5608 --- [Address-Service] [main] [                                                 ] com.netflix.discovery.DiscoveryClient    : Registered Applications size is zero : true
2025-02-14T06:33:05.398+05:30  INFO [Address-Service,,] 5608 --- [Address-Service] [main] [                                                 ] com.netflix.discovery.DiscoveryClient    : Application version is -1: true
2025-02-14T06:33:05.398+05:30  INFO [Address-Service,,] 5608 --- [Address-Service] [main] [                                                 ] com.netflix.discovery.DiscoveryClient    : Getting all instance registry info from the eureka server
2025-02-14T06:33:05.633+05:30  INFO [Address-Service,,] 5608 --- [Address-Service] [main] [                                                 ] com.netflix.discovery.DiscoveryClient    : The response status is 200
2025-02-14T06:33:05.636+05:30  INFO [Address-Service,,] 5608 --- [Address-Service] [main] [                                                 ] com.netflix.discovery.DiscoveryClient    : Starting heartbeat executor: renew interval is: 30
2025-02-14T06:33:05.639+05:30  INFO [Address-Service,,] 5608 --- [Address-Service] [main] [                                                 ] c.n.discovery.InstanceInfoReplicator     : InstanceInfoReplicator onDemand update allowed rate per min is 4
2025-02-14T06:33:05.644+05:30  INFO [Address-Service,,] 5608 --- [Address-Service] [main] [                                                 ] com.netflix.discovery.DiscoveryClient    : Discovery Client initialized at timestamp 1739494985643 with initial instances count: 1
2025-02-14T06:33:05.649+05:30  INFO [Address-Service,,] 5608 --- [Address-Service] [main] [                                                 ] o.s.c.n.e.s.EurekaServiceRegistry        : Registering application ADDRESS-SERVICE with eureka with status UP
2025-02-14T06:33:05.650+05:30  INFO [Address-Service,,] 5608 --- [Address-Service] [main] [                                                 ] com.netflix.discovery.DiscoveryClient    : Saw local status change event StatusChangeEvent [timestamp=1739494985650, current=UP, previous=STARTING]
2025-02-14T06:33:05.652+05:30  INFO [Address-Service,,] 5608 --- [Address-Service] [DiscoveryClient-InstanceInfoReplicator-0] [                                                 ] com.netflix.discovery.DiscoveryClient    : DiscoveryClient_ADDRESS-SERVICE/192.168.0.7:Address-Service:9999: registering service...
2025-02-14T06:33:05.694+05:30  INFO [Address-Service,,] 5608 --- [Address-Service] [DiscoveryClient-InstanceInfoReplicator-0] [                                                 ] com.netflix.discovery.DiscoveryClient    : DiscoveryClient_ADDRESS-SERVICE/192.168.0.7:Address-Service:9999 - registration status: 204
2025-02-14T06:33:05.714+05:30  INFO [Address-Service,,] 5608 --- [Address-Service] [main] [                                                 ] o.s.b.w.embedded.tomcat.TomcatWebServer  : Tomcat started on port 9999 (http) with context path '/'
2025-02-14T06:33:05.715+05:30  INFO [Address-Service,,] 5608 --- [Address-Service] [main] [                                                 ] .s.c.n.e.s.EurekaAutoServiceRegistration : Updating port to 9999
2025-02-14T06:33:05.870+05:30  INFO [Address-Service,,] 5608 --- [Address-Service] [main] [                                                 ] com.ashokit.Application                  : Started Application in 11.684 seconds (process running for 13.406)
2025-02-14T06:33:07.064+05:30  INFO [Address-Service,,] 5608 --- [Address-Service] [RMI TCP Connection(9)-127.0.0.1] [                                                 ] o.a.c.c.C.[Tomcat].[localhost].[/]       : Initializing Spring DispatcherServlet 'dispatcherServlet'
2025-02-14T06:33:07.065+05:30  INFO [Address-Service,,] 5608 --- [Address-Service] [RMI TCP Connection(9)-127.0.0.1] [                                                 ] o.s.web.servlet.DispatcherServlet        : Initializing Servlet 'dispatcherServlet'
2025-02-14T06:33:07.070+05:30  INFO [Address-Service,,] 5608 --- [Address-Service] [RMI TCP Connection(9)-127.0.0.1] [                                                 ] o.s.web.servlet.DispatcherServlet        : Completed initialization in 4 ms
2025-02-14T06:38:05.402+05:30  INFO [Address-Service,,] 5608 --- [Address-Service] [AsyncResolver-bootstrap-executor-0] [                                                 ] c.n.d.s.r.aws.ConfigClusterResolver      : Resolving eureka endpoints via configuration
2025-02-14T06:43:05.404+05:30  INFO [Address-Service,,] 5608 --- [Address-Service] [AsyncResolver-bootstrap-executor-0] [                                                 ] c.n.d.s.r.aws.ConfigClusterResolver      : Resolving eureka endpoints via configuration
2025-02-14T06:48:05.754+05:30  INFO [Address-Service,,] 5608 --- [Address-Service] [AsyncResolver-bootstrap-executor-0] [                                                 ] c.n.d.s.r.aws.ConfigClusterResolver      : Resolving eureka endpoints via configuration
2025-02-14T06:53:05.761+05:30  INFO [Address-Service,,] 5608 --- [Address-Service] [AsyncResolver-bootstrap-executor-0] [                                                 ] c.n.d.s.r.aws.ConfigClusterResolver      : Resolving eureka endpoints via configuration
2025-02-14T06:58:05.765+05:30  INFO [Address-Service,,] 5608 --- [Address-Service] [AsyncResolver-bootstrap-executor-0] [                                                 ] c.n.d.s.r.aws.ConfigClusterResolver      : Resolving eureka endpoints via configuration
2025-02-14T07:03:05.767+05:30  INFO [Address-Service,,] 5608 --- [Address-Service] [AsyncResolver-bootstrap-executor-0] [                                                 ] c.n.d.s.r.aws.ConfigClusterResolver      : Resolving eureka endpoints via configuration
2025-02-14T07:08:05.770+05:30  INFO [Address-Service,,] 5608 --- [Address-Service] [AsyncResolver-bootstrap-executor-0] [                                                 ] c.n.d.s.r.aws.ConfigClusterResolver      : Resolving eureka endpoints via configuration
2025-02-14T07:13:05.783+05:30  INFO [Address-Service,,] 5608 --- [Address-Service] [AsyncResolver-bootstrap-executor-0] [                                                 ] c.n.d.s.r.aws.ConfigClusterResolver      : Resolving eureka endpoints via configuration
2025-02-14T07:18:05.793+05:30  INFO [Address-Service,,] 5608 --- [Address-Service] [AsyncResolver-bootstrap-executor-0] [                                                 ] c.n.d.s.r.aws.ConfigClusterResolver      : Resolving eureka endpoints via configuration
2025-02-14T07:23:05.807+05:30  INFO [Address-Service,,] 5608 --- [Address-Service] [AsyncResolver-bootstrap-executor-0] [                                                 ] c.n.d.s.r.aws.ConfigClusterResolver      : Resolving eureka endpoints via configuration
2025-02-14T07:28:05.817+05:30  INFO [Address-Service,,] 5608 --- [Address-Service] [AsyncResolver-bootstrap-executor-0] [                                                 ] c.n.d.s.r.aws.ConfigClusterResolver      : Resolving eureka endpoints via configuration
